[debug] [2023-07-01T01:03:28.577Z] ----------------------------------------------------------------------
[debug] [2023-07-01T01:03:28.581Z] Command:       C:\Program Files\nodejs\node.exe C:\Users\mhdra\AppData\Roaming\npm\node_modules\firebase-tools\lib\bin\firebase.js init
[debug] [2023-07-01T01:03:28.582Z] CLI Version:   12.4.2
[debug] [2023-07-01T01:03:28.583Z] Platform:      win32
[debug] [2023-07-01T01:03:28.583Z] Node Version:  v18.14.1
[debug] [2023-07-01T01:03:28.584Z] Time:          Sat Jul 01 2023 04:03:28 GMT+0300 (Arabian Standard Time)
[debug] [2023-07-01T01:03:28.585Z] ----------------------------------------------------------------------
[debug] 
[debug] [2023-07-01T01:03:28.720Z] > command requires scopes: ["email","openid","https://www.googleapis.com/auth/cloudplatformprojects.readonly","https://www.googleapis.com/auth/firebase","https://www.googleapis.com/auth/cloud-platform"]
[debug] [2023-07-01T01:03:28.721Z] > authorizing via signed-in user (mhd.rabea.naser@gmail.com)
[info] 
     ######## #### ########  ######## ########     ###     ######  ########
     ##        ##  ##     ## ##       ##     ##  ##   ##  ##       ##
     ######    ##  ########  ######   ########  #########  ######  ######
     ##        ##  ##    ##  ##       ##     ## ##     ##       ## ##
     ##       #### ##     ## ######## ########  ##     ##  ######  ########

You're about to initialize a Firebase project in this directory:

  C:\angular\myApp

Before we get started, keep in mind:

  * You are currently outside your home directory
  * You are initializing within an existing Firebase project directory

[info] 
=== Project Setup
[info] 
[info] First, let's associate this project directory with a Firebase project.
[info] You can create multiple project aliases by running firebase use --add, 
[info] but for now we'll just set up a default project.
[info] 
[debug] [2023-07-01T01:03:42.524Z] Using project from CLI flag: market-97165
[debug] [2023-07-01T01:03:42.528Z] >>> [apiv2][query] GET https://firebase.googleapis.com/v1beta1/projects/market-97165 [none]
[debug] [2023-07-01T01:03:43.097Z] <<< [apiv2][status] GET https://firebase.googleapis.com/v1beta1/projects/market-97165 200
[debug] [2023-07-01T01:03:43.097Z] <<< [apiv2][body] GET https://firebase.googleapis.com/v1beta1/projects/market-97165 {"projectId":"market-97165","projectNumber":"100605208749","displayName":"Market","name":"projects/market-97165","resources":{"hostingSite":"market-97165","realtimeDatabaseInstance":"market-97165-default-rtdb","storageBucket":"market-97165.appspot.com","locationId":"us-central"},"state":"ACTIVE","etag":"1_c4600adf-917c-4c43-a345-7b47963bcdf2"}
[info] i  Using project market-97165 (Market) 
[info] 
=== Database Setup
[info] i  database: ensuring required API firebasedatabase.googleapis.com is enabled... 
[debug] [2023-07-01T01:03:43.104Z] >>> [apiv2][query] GET https://serviceusage.googleapis.com/v1/projects/market-97165/services/firebasedatabase.googleapis.com [none]
[debug] [2023-07-01T01:03:43.104Z] >>> [apiv2][(partial)header] GET https://serviceusage.googleapis.com/v1/projects/market-97165/services/firebasedatabase.googleapis.com x-goog-quota-user=projects/market-97165
[debug] [2023-07-01T01:03:43.804Z] <<< [apiv2][status] GET https://serviceusage.googleapis.com/v1/projects/market-97165/services/firebasedatabase.googleapis.com 200
[debug] [2023-07-01T01:03:43.805Z] <<< [apiv2][body] GET https://serviceusage.googleapis.com/v1/projects/market-97165/services/firebasedatabase.googleapis.com [omitted]
[info] +  database: required API firebasedatabase.googleapis.com is enabled 
[info] 
[debug] [2023-07-01T01:03:43.806Z] >>> [apiv2][query] GET https://firebasedatabase.googleapis.com/v1beta/projects/market-97165/locations/-/instances/market-97165-default-rtdb [none]
[debug] [2023-07-01T01:03:44.562Z] <<< [apiv2][status] GET https://firebasedatabase.googleapis.com/v1beta/projects/market-97165/locations/-/instances/market-97165-default-rtdb 200
[debug] [2023-07-01T01:03:44.563Z] <<< [apiv2][body] GET https://firebasedatabase.googleapis.com/v1beta/projects/market-97165/locations/-/instances/market-97165-default-rtdb {"name":"projects/100605208749/locations/us-central1/instances/market-97165-default-rtdb","project":"projects/100605208749","databaseUrl":"https://market-97165-default-rtdb.firebaseio.com","type":"DEFAULT_DATABASE","state":"ACTIVE"}
[info] 
[info] Firebase Realtime Database Security Rules allow you to define how your data should be
[info] structured and when your data can be read from and written to.
[info] 
[debug] [2023-07-01T01:03:46.463Z] >>> [apiv2][query] GET https://market-97165-default-rtdb.firebaseio.com/.settings/rules.json [none]
[debug] [2023-07-01T01:03:47.336Z] <<< [apiv2][status] GET https://market-97165-default-rtdb.firebaseio.com/.settings/rules.json 200
[debug] [2023-07-01T01:03:47.336Z] <<< [apiv2][body] GET https://market-97165-default-rtdb.firebaseio.com/.settings/rules.json [stream]
[info] +  Database Rules for market-97165-default-rtdb have been written to y. 
[info] Future modifications to y will update Realtime Database Security Rules when you run
[info] firebase deploy.
[info] 
=== Firestore Setup
[debug] [2023-07-01T01:03:47.341Z] >>> [apiv2][query] GET https://serviceusage.googleapis.com/v1/projects/market-97165/services/firestore.googleapis.com [none]
[debug] [2023-07-01T01:03:47.341Z] >>> [apiv2][(partial)header] GET https://serviceusage.googleapis.com/v1/projects/market-97165/services/firestore.googleapis.com x-goog-quota-user=projects/market-97165
[debug] [2023-07-01T01:03:47.971Z] <<< [apiv2][status] GET https://serviceusage.googleapis.com/v1/projects/market-97165/services/firestore.googleapis.com 200
[debug] [2023-07-01T01:03:47.971Z] <<< [apiv2][body] GET https://serviceusage.googleapis.com/v1/projects/market-97165/services/firestore.googleapis.com [omitted]
[debug] [2023-07-01T01:03:47.972Z] >>> [apiv2][query] GET https://firestore.googleapis.com/v1/projects/market-97165/databases/(default) [none]
[debug] [2023-07-01T01:03:48.530Z] <<< [apiv2][status] GET https://firestore.googleapis.com/v1/projects/market-97165/databases/(default) 200
[debug] [2023-07-01T01:03:48.530Z] <<< [apiv2][body] GET https://firestore.googleapis.com/v1/projects/market-97165/databases/(default) {"name":"projects/market-97165/databases/(default)","uid":"cee2e4bc-b3b6-497a-91a3-622bfadfa244","createTime":"2023-07-01T00:56:18.628638Z","updateTime":"2023-07-01T00:56:18.628638Z","locationId":"nam5","type":"FIRESTORE_NATIVE","concurrencyMode":"PESSIMISTIC","versionRetentionPeriod":"3600s","earliestVersionTime":"2023-07-01T00:56:18.628638Z","appEngineIntegrationMode":"ENABLED","keyPrefix":"s","pointInTimeRecoveryEnablement":"POINT_IN_TIME_RECOVERY_DISABLED","deleteProtectionState":"DELETE_PROTECTION_DISABLED","etag":"IJ/X0I2o7P8CMPKS2f6n7P8C"}
[debug] [2023-07-01T01:03:48.530Z] database_type: FIRESTORE_NATIVE
[debug] [2023-07-01T01:03:48.530Z] > command requires scopes: ["email","openid","https://www.googleapis.com/auth/cloudplatformprojects.readonly","https://www.googleapis.com/auth/firebase","https://www.googleapis.com/auth/cloud-platform"]
[debug] [2023-07-01T01:03:48.530Z] > authorizing via signed-in user (mhd.rabea.naser@gmail.com)
[debug] [2023-07-01T01:03:48.531Z] [iam] checking project market-97165 for permissions ["firebase.projects.get"]
[debug] [2023-07-01T01:03:48.531Z] >>> [apiv2][query] POST https://cloudresourcemanager.googleapis.com/v1/projects/market-97165:testIamPermissions [none]
[debug] [2023-07-01T01:03:48.531Z] >>> [apiv2][(partial)header] POST https://cloudresourcemanager.googleapis.com/v1/projects/market-97165:testIamPermissions x-goog-quota-user=projects/market-97165
[debug] [2023-07-01T01:03:48.531Z] >>> [apiv2][body] POST https://cloudresourcemanager.googleapis.com/v1/projects/market-97165:testIamPermissions {"permissions":["firebase.projects.get"]}
[debug] [2023-07-01T01:03:49.131Z] <<< [apiv2][status] POST https://cloudresourcemanager.googleapis.com/v1/projects/market-97165:testIamPermissions 200
[debug] [2023-07-01T01:03:49.131Z] <<< [apiv2][body] POST https://cloudresourcemanager.googleapis.com/v1/projects/market-97165:testIamPermissions {"permissions":["firebase.projects.get"]}
[info] 
[info] Firestore Security Rules allow you to define how and when to allow
[info] requests. You can keep these rules in your project directory
[info] and publish them with firebase deploy.
[info] 
[debug] [2023-07-01T01:03:51.104Z] >>> [apiv2][query] GET https://firebaserules.googleapis.com/v1/projects/market-97165/releases pageSize=10&pageToken=
[debug] [2023-07-01T01:03:51.804Z] <<< [apiv2][status] GET https://firebaserules.googleapis.com/v1/projects/market-97165/releases 200
[debug] [2023-07-01T01:03:51.804Z] <<< [apiv2][body] GET https://firebaserules.googleapis.com/v1/projects/market-97165/releases {"releases":[{"name":"projects/market-97165/releases/firebase.storage/market-97165.appspot.com","rulesetName":"projects/market-97165/rulesets/87b8d499-687e-4cf9-8828-bb50baf3eee1","createTime":"2023-07-01T00:56:35.959306Z","updateTime":"2023-07-01T00:56:35.959306Z"}]}
[debug] [2023-07-01T01:03:51.804Z] No rulesets found, using default.
[info] 
[info] Firestore indexes allow you to perform complex queries while
[info] maintaining performance that scales with the size of the result
[info] set. You can keep index definitions in your project directory
[info] and publish them with firebase deploy.
[info] 
[debug] [2023-07-01T01:03:54.312Z] >>> [apiv2][query] GET https://firestore.googleapis.com/v1/projects/market-97165/databases/(default)/collectionGroups/-/indexes [none]
[debug] [2023-07-01T01:03:54.317Z] >>> [apiv2][query] GET https://firestore.googleapis.com/v1/projects/market-97165/databases/(default)/collectionGroups/-/fields?filter=indexConfig.usesAncestorConfig=false OR ttlConfig:* [none]
[debug] [2023-07-01T01:03:54.875Z] <<< [apiv2][status] GET https://firestore.googleapis.com/v1/projects/market-97165/databases/(default)/collectionGroups/-/indexes 200
[debug] [2023-07-01T01:03:54.876Z] <<< [apiv2][body] GET https://firestore.googleapis.com/v1/projects/market-97165/databases/(default)/collectionGroups/-/indexes {}
[debug] [2023-07-01T01:03:54.951Z] <<< [apiv2][status] GET https://firestore.googleapis.com/v1/projects/market-97165/databases/(default)/collectionGroups/-/fields?filter=indexConfig.usesAncestorConfig=false OR ttlConfig:* 200
[debug] [2023-07-01T01:03:54.951Z] <<< [apiv2][body] GET https://firestore.googleapis.com/v1/projects/market-97165/databases/(default)/collectionGroups/-/fields?filter=indexConfig.usesAncestorConfig=false OR ttlConfig:* {"fields":[{"name":"projects/market-97165/databases/(default)/collectionGroups/__default__/fields/*","indexConfig":{"indexes":[{"queryScope":"COLLECTION","fields":[{"fieldPath":"*","order":"ASCENDING"}],"state":"READY"},{"queryScope":"COLLECTION","fields":[{"fieldPath":"*","order":"DESCENDING"}],"state":"READY"},{"queryScope":"COLLECTION","fields":[{"fieldPath":"*","arrayConfig":"CONTAINS"}],"state":"READY"}]}}]}
[info] 
=== Hosting Setup
[info] 
[info] Your public directory is the folder (relative to your project directory) that
[info] will contain Hosting assets to be uploaded with firebase deploy. If you
[info] have a build process for your assets, use your build's output directory.
[info] 
[debug] [2023-07-01T01:04:01.360Z] >>> [apiv2][query] GET https://www.gstatic.com/firebasejs/releases.json [none]
[debug] [2023-07-01T01:04:01.881Z] <<< [apiv2][status] GET https://www.gstatic.com/firebasejs/releases.json 200
[debug] [2023-07-01T01:04:01.882Z] <<< [apiv2][body] GET https://www.gstatic.com/firebasejs/releases.json {"current":{"version":"9.23.0","browserURL":"https://www.gstatic.com/firebasejs/9.23.0/firebase.js","packageURL":"https://www.gstatic.com/firebasejs/9.23.0/firebase.tgz"},"live":{"version":"9.23","browserURL":"https://www.gstatic.com/firebasejs/live/9.23/firebase.js","packageURL":"https://www.gstatic.com/firebasejs/live/9.23/firebase.tgz"},"components":{"analytics":"https://www.gstatic.com/firebasejs/9.23.0/firebase-analytics.js","app":"https://www.gstatic.com/firebasejs/9.23.0/firebase-app.js","app-check":"https://www.gstatic.com/firebasejs/9.23.0/firebase-app-check.js","auth":"https://www.gstatic.com/firebasejs/9.23.0/firebase-auth.js","auth/cordova":"https://www.gstatic.com/firebasejs/9.23.0/firebase-auth/cordova.js","auth/react-native":"https://www.gstatic.com/firebasejs/9.23.0/firebase-auth/react-native.js","functions":"https://www.gstatic.com/firebasejs/9.23.0/firebase-functions.js","firestore":"https://www.gstatic.com/firebasejs/9.23.0/firebase-firestore.js","firestore/lite":"https://www.gstatic.com/firebasejs/9.23.0/firebase-firestore/lite.js","installations":"https://www.gstatic.com/firebasejs/9.23.0/firebase-installations.js","storage":"https://www.gstatic.com/firebasejs/9.23.0/firebase-storage.js","performance":"https://www.gstatic.com/firebasejs/9.23.0/firebase-performance.js","remote-config":"https://www.gstatic.com/firebasejs/9.23.0/firebase-remote-config.js","messaging":"https://www.gstatic.com/firebasejs/9.23.0/firebase-messaging.js","messaging/sw":"https://www.gstatic.com/firebasejs/9.23.0/firebase-messaging/sw.js","database":"https://www.gstatic.com/firebasejs/9.23.0/firebase-database.js","firestore.memory":"https://www.gstatic.com/firebasejs/9.23.0/firebase-firestore.memory.js"}}
[info] +  Wrote public/index.html 
[info] 
[info] i  Detected a .git folder at C:\angular\myApp 
[info] i  Authorizing with GitHub to upload your service account to a GitHub repository's secrets store. 
[info] 
[info] Visit this URL on this device to log in:
[info] https://github.com/login/oauth/authorize?client_id=89cf50f02ac6aaed3484&state=78136982&redirect_uri=http%3A%2F%2Flocalhost%3A9005&scope=read%3Auser%20repo%20public_repo
[info] 
[info] Waiting for authentication...
[debug] [2023-07-01T01:04:24.064Z] >>> [apiv2][query] POST https://github.com/login/oauth/access_token [none]
[debug] [2023-07-01T01:04:24.064Z] >>> [apiv2][body] POST https://github.com/login/oauth/access_token [stream]
[debug] [2023-07-01T01:04:25.034Z] <<< [apiv2][status] POST https://github.com/login/oauth/access_token 200
[debug] [2023-07-01T01:04:25.034Z] <<< [apiv2][body] POST https://github.com/login/oauth/access_token {"access_token":"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","token_type":"bearer","scope":"read:user,repo"}
[debug] [2023-07-01T01:04:25.044Z] >>> [apiv2][query] GET https://api.github.com/user [none]
[debug] [2023-07-01T01:04:25.519Z] <<< [apiv2][status] GET https://api.github.com/user 200
[debug] [2023-07-01T01:04:25.519Z] <<< [apiv2][body] GET https://api.github.com/user {"login":"MhdRabeai","id":106599666,"node_id":"U_kgDOBlqU8g","avatar_url":"https://avatars.githubusercontent.com/u/106599666?v=4","gravatar_id":"","url":"https://api.github.com/users/MhdRabeai","html_url":"https://github.com/MhdRabeai","followers_url":"https://api.github.com/users/MhdRabeai/followers","following_url":"https://api.github.com/users/MhdRabeai/following{/other_user}","gists_url":"https://api.github.com/users/MhdRabeai/gists{/gist_id}","starred_url":"https://api.github.com/users/MhdRabeai/starred{/owner}{/repo}","subscriptions_url":"https://api.github.com/users/MhdRabeai/subscriptions","organizations_url":"https://api.github.com/users/MhdRabeai/orgs","repos_url":"https://api.github.com/users/MhdRabeai/repos","events_url":"https://api.github.com/users/MhdRabeai/events{/privacy}","received_events_url":"https://api.github.com/users/MhdRabeai/received_events","type":"User","site_admin":false,"name":"Mhd.Rabeai","company":null,"blog":"","location":"Damascus-Syria","email":null,"hireable":null,"bio":null,"twitter_username":null,"public_repos":11,"public_gists":0,"followers":1,"following":3,"created_at":"2022-05-31T12:40:00Z","updated_at":"2023-06-17T23:41:36Z","private_gists":0,"total_private_repos":0,"owned_private_repos":0,"disk_usage":47639,"collaborators":0,"two_factor_authentication":false,"plan":{"name":"free","space":976562499,"collaborators":0,"private_repos":10000}}
[info] 
[info] +  Success! Logged into GitHub as MhdRabeai 
[info] 
[debug] [2023-07-01T01:04:47.565Z] >>> [apiv2][query] GET https://api.github.com/repos/Market/actions/secrets/public-key type=owner
[debug] [2023-07-01T01:04:47.970Z] <<< [apiv2][status] GET https://api.github.com/repos/Market/actions/secrets/public-key 404
[debug] [2023-07-01T01:04:47.970Z] <<< [apiv2][body] GET https://api.github.com/repos/Market/actions/secrets/public-key {"message":"Not Found","documentation_url":"https://docs.github.com/rest"}
[info] 
[info] 
[error] !  The provided authorization cannot be used with this repository. If this repository is in an organization, did you remember to grant access? 
[info] 
[info] i  Action required: Visit this URL to ensure access has been granted to the appropriate organization(s) for the Firebase CLI GitHub OAuth App: 
[info] https://github.com/settings/connections/applications/89cf50f02ac6aaed3484
[info] 
